604872.041	VIDEO.PLAY_SOUND_INITIAL_VIDEO	Dropping frame: 22 diff: -820205.002743
604878.881	VIDEO.PLAY_SOUND_INITIAL_VIDEO	Dropping frame: 23 diff: -793818.002743
604885.457	VIDEO.PLAY_SOUND_INITIAL_VIDEO	Dropping frame: 24 diff: -766805.002743
604893.315	VIDEO.PLAY_SOUND_INITIAL_VIDEO	Dropping frame: 25 diff: -741249.002743
604900.25	VIDEO.PLAY_SOUND_INITIAL_VIDEO	Dropping frame: 26 diff: -714928.002743
604907.358	VIDEO.PLAY_SOUND_INITIAL_VIDEO	Dropping frame: 27 diff: -688370.002743
604915.252	VIDEO.PLAY_SOUND_INITIAL_VIDEO	Dropping frame: 28 diff: -662929.002743
604922.866	VIDEO.PLAY_SOUND_INITIAL_VIDEO	Dropping frame: 29 diff: -637772.002743
604929.905	VIDEO.PLAY_SOUND_INITIAL_VIDEO	Dropping frame: 30 diff: -611263.002743
604937.921	VIDEO.PLAY_SOUND_INITIAL_VIDEO	Dropping frame: 31 diff: -585855.002743
604945.289	VIDEO.PLAY_SOUND_INITIAL_VIDEO	Dropping frame: 32 diff: -560000.002743
604952.905	VIDEO.PLAY_SOUND_INITIAL_VIDEO	Dropping frame: 33 diff: -534496.002743
604959.786	VIDEO.PLAY_SOUND_INITIAL_VIDEO	Dropping frame: 34 diff: -507975.002743
604966.852	VIDEO.PLAY_SOUND_INITIAL_VIDEO	Dropping frame: 35 diff: -481481.002743
604974.332	VIDEO.PLAY_SOUND_INITIAL_VIDEO	Dropping frame: 36 diff: -455852.002743
604981.751	VIDEO.PLAY_SOUND_INITIAL_VIDEO	Dropping frame: 37 diff: -430019.002743
604989.006	VIDEO.PLAY_SOUND_INITIAL_VIDEO	Dropping frame: 38 diff: -403899.002743
604995.657	VIDEO.PLAY_SOUND_INITIAL_VIDEO	Dropping frame: 39 diff: -377241.002743
605002.322	VIDEO.PLAY_SOUND_INITIAL_VIDEO	Dropping frame: 40 diff: -350604.002743
605009.766	VIDEO.PLAY_SOUND_INITIAL_VIDEO	Dropping frame: 41 diff: -324708.002743
605016.867	VIDEO.PLAY_SOUND_INITIAL_VIDEO	Dropping frame: 42 diff: -298470.002743
605023.564	VIDEO.PLAY_SOUND_INITIAL_VIDEO	Dropping frame: 43 diff: -271813.002743
605030.658	VIDEO.PLAY_SOUND_INITIAL_VIDEO	Dropping frame: 44 diff: -245587.002743
605038.259	VIDEO.PLAY_SOUND_INITIAL_VIDEO	Dropping frame: 45 diff: -219860.002743
605045.083	VIDEO.PLAY_SOUND_INITIAL_VIDEO	Dropping frame: 46 diff: -193325.002743
605051.957	VIDEO.PLAY_SOUND_INITIAL_VIDEO	Dropping frame: 47 diff: -166896.002743
605058.852	VIDEO.PLAY_SOUND_INITIAL_VIDEO	Dropping frame: 48 diff: -140467.002743
605066.812	VIDEO.PLAY_SOUND_INITIAL_VIDEO	Dropping frame: 49 diff: -115083.002743
605074.096	VIDEO.PLAY_SOUND_INITIAL_VIDEO	Dropping frame: 50 diff: -89028.0027429
605080.907	VIDEO.PLAY_SOUND_INITIAL_VIDEO	Dropping frame: 51 diff: -62272.0027429
605087.477	VIDEO.PLAY_SOUND_INITIAL_VIDEO	Dropping frame: 52 diff: -35759.0027429
605097.924	VIDEO.PLAY_SOUND_INITIAL_VIDEO	Dropping frame: 53 diff: -12864.0027429
651134.768	BLOCK.TRAINING_INSTRUCTIONS	Dropping frame: 2 diff: -34719.0027429
651142.459	BLOCK.TRAINING_INSTRUCTIONS	Dropping frame: 3 diff: -2724.00274289
769488.134	BLOCK.TEST_TRIALS_INSTRUCTIONS	LOAD FROM AUDIO FILE AT RUNTIME: lola_audio_2.wav
769491.771	BLOCK.TEST_TRIALS_INSTRUCTIONS	LOADING VIDEO RESOURCE AT RUNTIME
862727.222	BLOCK.GREAT_JOB	LOADING VIDEO RESOURCE AT RUNTIME
862800.353	BLOCK.PLAY_SOUND_GREAT_JOB	LOAD FROM AUDIO FILE AT RUNTIME: break_3.wav
943708.815	BLOCK.GREAT_JOB	LOADING VIDEO RESOURCE AT RUNTIME
943768.594	BLOCK.PLAY_SOUND_GREAT_JOB	LOAD FROM AUDIO FILE AT RUNTIME: break_1.wav
1028394.914	BLOCK.GREAT_JOB	LOADING VIDEO RESOURCE AT RUNTIME
1028454.639	BLOCK.PLAY_SOUND_GREAT_JOB	LOAD FROM AUDIO FILE AT RUNTIME: break_5.wav
1028546.967	BLOCK.PLAY_SOUND_GREAT_JOB	Dropping frame: 2 diff: -3164.00274289
1114698.304	BLOCK.GREAT_JOB	LOADING VIDEO RESOURCE AT RUNTIME
1114756.996	BLOCK.PLAY_SOUND_GREAT_JOB	LOAD FROM AUDIO FILE AT RUNTIME: break_4.wav
