57383.964	VIDEO.PLAY_SOUND_INITIAL_VIDEO	Dropping frame: 2 diff: -19488.9931321
58880.936	VIDEO.PLAY_SOUND_INITIAL_VIDEO	Dropping frame: 23 diff: -816835.993132
58887.291	VIDEO.PLAY_SOUND_INITIAL_VIDEO	Dropping frame: 24 diff: -789779.993132
58895.542	VIDEO.PLAY_SOUND_INITIAL_VIDEO	Dropping frame: 25 diff: -764901.993132
58903.138	VIDEO.PLAY_SOUND_INITIAL_VIDEO	Dropping frame: 26 diff: -738912.993132
58910.043	VIDEO.PLAY_SOUND_INITIAL_VIDEO	Dropping frame: 27 diff: -712769.993132
58917.221	VIDEO.PLAY_SOUND_INITIAL_VIDEO	Dropping frame: 28 diff: -686458.993132
58925.032	VIDEO.PLAY_SOUND_INITIAL_VIDEO	Dropping frame: 29 diff: -660927.993132
58932.277	VIDEO.PLAY_SOUND_INITIAL_VIDEO	Dropping frame: 30 diff: -635002.993132
58938.635	VIDEO.PLAY_SOUND_INITIAL_VIDEO	Dropping frame: 31 diff: -608014.993132
58945.36	VIDEO.PLAY_SOUND_INITIAL_VIDEO	Dropping frame: 32 diff: -581433.993132
58952.949	VIDEO.PLAY_SOUND_INITIAL_VIDEO	Dropping frame: 33 diff: -555679.993132
58960.049	VIDEO.PLAY_SOUND_INITIAL_VIDEO	Dropping frame: 34 diff: -529436.993132
58967.228	VIDEO.PLAY_SOUND_INITIAL_VIDEO	Dropping frame: 35 diff: -503292.993132
58973.536	VIDEO.PLAY_SOUND_INITIAL_VIDEO	Dropping frame: 36 diff: -476267.993132
58981.134	VIDEO.PLAY_SOUND_INITIAL_VIDEO	Dropping frame: 37 diff: -450461.993132
58988.283	VIDEO.PLAY_SOUND_INITIAL_VIDEO	Dropping frame: 38 diff: -424348.993132
58994.985	VIDEO.PLAY_SOUND_INITIAL_VIDEO	Dropping frame: 39 diff: -397731.993132
59001.602	VIDEO.PLAY_SOUND_INITIAL_VIDEO	Dropping frame: 40 diff: -371000.993132
59009.399	VIDEO.PLAY_SOUND_INITIAL_VIDEO	Dropping frame: 41 diff: -345462.993132
59016.664	VIDEO.PLAY_SOUND_INITIAL_VIDEO	Dropping frame: 42 diff: -319403.993132
59023.207	VIDEO.PLAY_SOUND_INITIAL_VIDEO	Dropping frame: 43 diff: -292619.993132
59029.942	VIDEO.PLAY_SOUND_INITIAL_VIDEO	Dropping frame: 44 diff: -266019.993132
59038.561	VIDEO.PLAY_SOUND_INITIAL_VIDEO	Dropping frame: 45 diff: -241303.993132
59045.472	VIDEO.PLAY_SOUND_INITIAL_VIDEO	Dropping frame: 46 diff: -214887.993132
59051.856	VIDEO.PLAY_SOUND_INITIAL_VIDEO	Dropping frame: 47 diff: -187923.993132
59058.315	VIDEO.PLAY_SOUND_INITIAL_VIDEO	Dropping frame: 48 diff: -161073.993132
59065.949	VIDEO.PLAY_SOUND_INITIAL_VIDEO	Dropping frame: 49 diff: -135341.993132
59073.08	VIDEO.PLAY_SOUND_INITIAL_VIDEO	Dropping frame: 50 diff: -108988.993132
59079.679	VIDEO.PLAY_SOUND_INITIAL_VIDEO	Dropping frame: 51 diff: -82399.9931321
59088.263	VIDEO.PLAY_SOUND_INITIAL_VIDEO	Dropping frame: 52 diff: -57643.9931321
59096.523	VIDEO.PLAY_SOUND_INITIAL_VIDEO	Dropping frame: 53 diff: -32595.9931321
59104.931	VIDEO.PLAY_SOUND_INITIAL_VIDEO	Dropping frame: 54 diff: -7560.99313214
98263.603	BLOCK.TRAINING_INSTRUCTIONS	Dropping frame: 2 diff: -18297.9931321
225968.163	BLOCK.TEST_TRIALS_INSTRUCTIONS	LOAD FROM AUDIO FILE AT RUNTIME: lola_audio_2.wav
225971.547	BLOCK.TEST_TRIALS_INSTRUCTIONS	LOADING VIDEO RESOURCE AT RUNTIME
317221.806	BLOCK.GREAT_JOB	LOADING VIDEO RESOURCE AT RUNTIME
317296.937	BLOCK.PLAY_SOUND_GREAT_JOB	LOAD FROM AUDIO FILE AT RUNTIME: break_1.wav
317394.84	BLOCK.PLAY_SOUND_GREAT_JOB	Dropping frame: 2 diff: -10075.9931321
401120.976	BLOCK.GREAT_JOB	LOADING VIDEO RESOURCE AT RUNTIME
401181.362	BLOCK.PLAY_SOUND_GREAT_JOB	LOAD FROM AUDIO FILE AT RUNTIME: break_4.wav
401276.892	BLOCK.PLAY_SOUND_GREAT_JOB	Dropping frame: 2 diff: -6511.99313211
491390.922	BLOCK.GREAT_JOB	LOADING VIDEO RESOURCE AT RUNTIME
491450.441	BLOCK.PLAY_SOUND_GREAT_JOB	LOAD FROM AUDIO FILE AT RUNTIME: break_5.wav
582144.43	BLOCK.GREAT_JOB	LOADING VIDEO RESOURCE AT RUNTIME
582202.864	BLOCK.PLAY_SOUND_GREAT_JOB	LOAD FROM AUDIO FILE AT RUNTIME: break_2.wav
