34397.338	VIDEO.PLAY_SOUND_INITIAL_VIDEO	Dropping frame: 22 diff: -833457.841428
34404.435	VIDEO.PLAY_SOUND_INITIAL_VIDEO	Dropping frame: 23 diff: -807319.841428
34410.752	VIDEO.PLAY_SOUND_INITIAL_VIDEO	Dropping frame: 24 diff: -780302.841428
34418.251	VIDEO.PLAY_SOUND_INITIAL_VIDEO	Dropping frame: 25 diff: -754454.841428
34425.615	VIDEO.PLAY_SOUND_INITIAL_VIDEO	Dropping frame: 26 diff: -728201.841428
34432.616	VIDEO.PLAY_SOUND_INITIAL_VIDEO	Dropping frame: 27 diff: -701885.841428
34438.922	VIDEO.PLAY_SOUND_INITIAL_VIDEO	Dropping frame: 28 diff: -674910.841428
34446.654	VIDEO.PLAY_SOUND_INITIAL_VIDEO	Dropping frame: 29 diff: -649182.841428
34453.978	VIDEO.PLAY_SOUND_INITIAL_VIDEO	Dropping frame: 30 diff: -623247.841428
34461.784	VIDEO.PLAY_SOUND_INITIAL_VIDEO	Dropping frame: 31 diff: -597715.841428
34469.024	VIDEO.PLAY_SOUND_INITIAL_VIDEO	Dropping frame: 32 diff: -571905.841428
34476.636	VIDEO.PLAY_SOUND_INITIAL_VIDEO	Dropping frame: 33 diff: -546180.841428
34483.811	VIDEO.PLAY_SOUND_INITIAL_VIDEO	Dropping frame: 34 diff: -520024.841428
34490.348	VIDEO.PLAY_SOUND_INITIAL_VIDEO	Dropping frame: 35 diff: -493244.841428
34497.313	VIDEO.PLAY_SOUND_INITIAL_VIDEO	Dropping frame: 36 diff: -466867.841428
34504.978	VIDEO.PLAY_SOUND_INITIAL_VIDEO	Dropping frame: 37 diff: -441201.841428
34512.224	VIDEO.PLAY_SOUND_INITIAL_VIDEO	Dropping frame: 38 diff: -415116.841428
34519.198	VIDEO.PLAY_SOUND_INITIAL_VIDEO	Dropping frame: 39 diff: -388731.841428
34526.806	VIDEO.PLAY_SOUND_INITIAL_VIDEO	Dropping frame: 40 diff: -363022.841428
34534.672	VIDEO.PLAY_SOUND_INITIAL_VIDEO	Dropping frame: 41 diff: -337554.841428
34541.897	VIDEO.PLAY_SOUND_INITIAL_VIDEO	Dropping frame: 42 diff: -311413.841428
34549.02	VIDEO.PLAY_SOUND_INITIAL_VIDEO	Dropping frame: 43 diff: -285222.841428
34555.846	VIDEO.PLAY_SOUND_INITIAL_VIDEO	Dropping frame: 44 diff: -258729.841428
34563.64	VIDEO.PLAY_SOUND_INITIAL_VIDEO	Dropping frame: 45 diff: -232749.841428
34570.328	VIDEO.PLAY_SOUND_INITIAL_VIDEO	Dropping frame: 46 diff: -206556.841428
34576.725	VIDEO.PLAY_SOUND_INITIAL_VIDEO	Dropping frame: 47 diff: -179621.841428
34583.445	VIDEO.PLAY_SOUND_INITIAL_VIDEO	Dropping frame: 48 diff: -152991.841428
34590.968	VIDEO.PLAY_SOUND_INITIAL_VIDEO	Dropping frame: 49 diff: -127136.841428
34598.101	VIDEO.PLAY_SOUND_INITIAL_VIDEO	Dropping frame: 50 diff: -100990.841428
34604.506	VIDEO.PLAY_SOUND_INITIAL_VIDEO	Dropping frame: 51 diff: -74074.8414275
34611.002	VIDEO.PLAY_SOUND_INITIAL_VIDEO	Dropping frame: 52 diff: -47244.8414275
34618.845	VIDEO.PLAY_SOUND_INITIAL_VIDEO	Dropping frame: 53 diff: -21733.8414275
84863.647	BLOCK.TRAINING_INSTRUCTIONS	Dropping frame: 2 diff: -18155.8414275
203765.657	BLOCK.TEST_TRIALS_INSTRUCTIONS	LOAD FROM AUDIO FILE AT RUNTIME: lola_audio_2.wav
203769.181	BLOCK.TEST_TRIALS_INSTRUCTIONS	LOADING VIDEO RESOURCE AT RUNTIME
321255.472	BLOCK.GREAT_JOB	LOADING VIDEO RESOURCE AT RUNTIME
321330.221	BLOCK.PLAY_SOUND_GREAT_JOB	LOAD FROM AUDIO FILE AT RUNTIME: break_2.wav
404804.613	BLOCK.GREAT_JOB	LOADING VIDEO RESOURCE AT RUNTIME
404865.167	BLOCK.PLAY_SOUND_GREAT_JOB	LOAD FROM AUDIO FILE AT RUNTIME: break_5.wav
481241.191	BLOCK.GREAT_JOB	LOADING VIDEO RESOURCE AT RUNTIME
481299.96	BLOCK.PLAY_SOUND_GREAT_JOB	LOAD FROM AUDIO FILE AT RUNTIME: break_1.wav
481395.846	BLOCK.PLAY_SOUND_GREAT_JOB	Dropping frame: 2 diff: -6522.84142751
561175.782	BLOCK.GREAT_JOB	LOADING VIDEO RESOURCE AT RUNTIME
561235.866	BLOCK.PLAY_SOUND_GREAT_JOB	LOAD FROM AUDIO FILE AT RUNTIME: break_4.wav
