744682.994	VIDEO.PLAY_SOUND_INITIAL_VIDEO	Dropping frame: 2 diff: -17438.4553739
746398.676	VIDEO.PLAY_SOUND_INITIAL_VIDEO	Dropping frame: 29 diff: -833520.455374
746405.466	VIDEO.PLAY_SOUND_INITIAL_VIDEO	Dropping frame: 30 diff: -807091.455374
746411.726	VIDEO.PLAY_SOUND_INITIAL_VIDEO	Dropping frame: 31 diff: -779995.455374
746418.404	VIDEO.PLAY_SOUND_INITIAL_VIDEO	Dropping frame: 32 diff: -753317.455374
746426.512	VIDEO.PLAY_SOUND_INITIAL_VIDEO	Dropping frame: 33 diff: -727745.455374
746434.674	VIDEO.PLAY_SOUND_INITIAL_VIDEO	Dropping frame: 34 diff: -703027.455374
746441.863	VIDEO.PLAY_SOUND_INITIAL_VIDEO	Dropping frame: 35 diff: -676117.455374
746448.759	VIDEO.PLAY_SOUND_INITIAL_VIDEO	Dropping frame: 36 diff: -649883.455374
746457.941	VIDEO.PLAY_SOUND_INITIAL_VIDEO	Dropping frame: 37 diff: -626302.455374
746465.34	VIDEO.PLAY_SOUND_INITIAL_VIDEO	Dropping frame: 38 diff: -600346.455374
746471.668	VIDEO.PLAY_SOUND_INITIAL_VIDEO	Dropping frame: 39 diff: -573369.455374
746478.084	VIDEO.PLAY_SOUND_INITIAL_VIDEO	Dropping frame: 40 diff: -546453.455374
746485.889	VIDEO.PLAY_SOUND_INITIAL_VIDEO	Dropping frame: 41 diff: -520749.455374
746493.712	VIDEO.PLAY_SOUND_INITIAL_VIDEO	Dropping frame: 42 diff: -495293.455374
746500.364	VIDEO.PLAY_SOUND_INITIAL_VIDEO	Dropping frame: 43 diff: -468727.455374
746507.224	VIDEO.PLAY_SOUND_INITIAL_VIDEO	Dropping frame: 44 diff: -442007.455374
746514.725	VIDEO.PLAY_SOUND_INITIAL_VIDEO	Dropping frame: 45 diff: -416231.455374
746523.224	VIDEO.PLAY_SOUND_INITIAL_VIDEO	Dropping frame: 46 diff: -391579.455374
746529.94	VIDEO.PLAY_SOUND_INITIAL_VIDEO	Dropping frame: 47 diff: -364963.455374
746536.827	VIDEO.PLAY_SOUND_INITIAL_VIDEO	Dropping frame: 48 diff: -338328.455374
746544.622	VIDEO.PLAY_SOUND_INITIAL_VIDEO	Dropping frame: 49 diff: -312936.455374
746552.196	VIDEO.PLAY_SOUND_INITIAL_VIDEO	Dropping frame: 50 diff: -287227.455374
746558.965	VIDEO.PLAY_SOUND_INITIAL_VIDEO	Dropping frame: 51 diff: -260661.455374
746565.999	VIDEO.PLAY_SOUND_INITIAL_VIDEO	Dropping frame: 52 diff: -234371.455374
746576.961	VIDEO.PLAY_SOUND_INITIAL_VIDEO	Dropping frame: 53 diff: -211982.455374
746584.659	VIDEO.PLAY_SOUND_INITIAL_VIDEO	Dropping frame: 54 diff: -186352.455374
746591.241	VIDEO.PLAY_SOUND_INITIAL_VIDEO	Dropping frame: 55 diff: -159545.455374
746597.905	VIDEO.PLAY_SOUND_INITIAL_VIDEO	Dropping frame: 56 diff: -132942.455374
746605.1	VIDEO.PLAY_SOUND_INITIAL_VIDEO	Dropping frame: 57 diff: -106797.455374
746612.004	VIDEO.PLAY_SOUND_INITIAL_VIDEO	Dropping frame: 58 diff: -80370.4553739
746618.642	VIDEO.PLAY_SOUND_INITIAL_VIDEO	Dropping frame: 59 diff: -53686.4553739
746624.99	VIDEO.PLAY_SOUND_INITIAL_VIDEO	Dropping frame: 60 diff: -26702.4553739
746632.414	VIDEO.PLAY_SOUND_INITIAL_VIDEO	Dropping frame: 61 diff: -783.455373883
971835.731	BLOCK.TEST_TRIALS_INSTRUCTIONS	LOAD FROM AUDIO FILE AT RUNTIME: lola_audio_2.wav
971839.273	BLOCK.TEST_TRIALS_INSTRUCTIONS	LOADING VIDEO RESOURCE AT RUNTIME
1059958.23	BLOCK.GREAT_JOB	LOADING VIDEO RESOURCE AT RUNTIME
1060014.984	BLOCK.PLAY_SOUND_GREAT_JOB	LOAD FROM AUDIO FILE AT RUNTIME: break_4.wav
1060116.821	BLOCK.PLAY_SOUND_GREAT_JOB	Dropping frame: 2 diff: -13057.4553739
1147573.613	BLOCK.GREAT_JOB	LOADING VIDEO RESOURCE AT RUNTIME
1147633.461	BLOCK.PLAY_SOUND_GREAT_JOB	LOAD FROM AUDIO FILE AT RUNTIME: break_1.wav
1232743.078	BLOCK.GREAT_JOB	LOADING VIDEO RESOURCE AT RUNTIME
1232802.579	BLOCK.PLAY_SOUND_GREAT_JOB	LOAD FROM AUDIO FILE AT RUNTIME: break_2.wav
1317344.727	BLOCK.GREAT_JOB	LOADING VIDEO RESOURCE AT RUNTIME
1317405.322	BLOCK.PLAY_SOUND_GREAT_JOB	LOAD FROM AUDIO FILE AT RUNTIME: break_3.wav
