62438.945	VIDEO.PLAY_SOUND_INITIAL_VIDEO	Dropping frame: 2 diff: -14401.6838236
63810.28	VIDEO.PLAY_SOUND_INITIAL_VIDEO	Dropping frame: 19 diff: -819291.683824
63817.032	VIDEO.PLAY_SOUND_INITIAL_VIDEO	Dropping frame: 20 diff: -792885.683824
63824.979	VIDEO.PLAY_SOUND_INITIAL_VIDEO	Dropping frame: 21 diff: -767413.683824
63832.201	VIDEO.PLAY_SOUND_INITIAL_VIDEO	Dropping frame: 22 diff: -741086.683824
63839.087	VIDEO.PLAY_SOUND_INITIAL_VIDEO	Dropping frame: 23 diff: -714713.683824
63846.037	VIDEO.PLAY_SOUND_INITIAL_VIDEO	Dropping frame: 24 diff: -688248.683824
63853.932	VIDEO.PLAY_SOUND_INITIAL_VIDEO	Dropping frame: 25 diff: -663070.683824
63861.225	VIDEO.PLAY_SOUND_INITIAL_VIDEO	Dropping frame: 26 diff: -636995.683824
63868.066	VIDEO.PLAY_SOUND_INITIAL_VIDEO	Dropping frame: 27 diff: -610540.683824
63875.51	VIDEO.PLAY_SOUND_INITIAL_VIDEO	Dropping frame: 28 diff: -584599.683824
63883.428	VIDEO.PLAY_SOUND_INITIAL_VIDEO	Dropping frame: 29 diff: -559383.683824
63890.722	VIDEO.PLAY_SOUND_INITIAL_VIDEO	Dropping frame: 30 diff: -533373.683824
63897.852	VIDEO.PLAY_SOUND_INITIAL_VIDEO	Dropping frame: 31 diff: -507170.683824
63904.539	VIDEO.PLAY_SOUND_INITIAL_VIDEO	Dropping frame: 32 diff: -480540.683824
63912.553	VIDEO.PLAY_SOUND_INITIAL_VIDEO	Dropping frame: 33 diff: -454949.683824
63920.302	VIDEO.PLAY_SOUND_INITIAL_VIDEO	Dropping frame: 34 diff: -429616.683824
63927.099	VIDEO.PLAY_SOUND_INITIAL_VIDEO	Dropping frame: 35 diff: -403083.683824
63933.547	VIDEO.PLAY_SOUND_INITIAL_VIDEO	Dropping frame: 36 diff: -376198.683824
63941.257	VIDEO.PLAY_SOUND_INITIAL_VIDEO	Dropping frame: 37 diff: -350577.683824
63948.139	VIDEO.PLAY_SOUND_INITIAL_VIDEO	Dropping frame: 38 diff: -324132.683824
63954.876	VIDEO.PLAY_SOUND_INITIAL_VIDEO	Dropping frame: 39 diff: -297487.683824
63961.67	VIDEO.PLAY_SOUND_INITIAL_VIDEO	Dropping frame: 40 diff: -271002.683824
63969.987	VIDEO.PLAY_SOUND_INITIAL_VIDEO	Dropping frame: 41 diff: -245968.683824
63977.485	VIDEO.PLAY_SOUND_INITIAL_VIDEO	Dropping frame: 42 diff: -220156.683824
63984.114	VIDEO.PLAY_SOUND_INITIAL_VIDEO	Dropping frame: 43 diff: -193439.683824
63991.402	VIDEO.PLAY_SOUND_INITIAL_VIDEO	Dropping frame: 44 diff: -167404.683824
63998.637	VIDEO.PLAY_SOUND_INITIAL_VIDEO	Dropping frame: 45 diff: -141296.683824
64005.548	VIDEO.PLAY_SOUND_INITIAL_VIDEO	Dropping frame: 46 diff: -114873.683824
64012.012	VIDEO.PLAY_SOUND_INITIAL_VIDEO	Dropping frame: 47 diff: -88009.6838236
64018.59	VIDEO.PLAY_SOUND_INITIAL_VIDEO	Dropping frame: 48 diff: -61263.6838236
64026.353	VIDEO.PLAY_SOUND_INITIAL_VIDEO	Dropping frame: 49 diff: -35680.6838236
64033.314	VIDEO.PLAY_SOUND_INITIAL_VIDEO	Dropping frame: 50 diff: -9324.68382359
101339.614	BLOCK.TRAINING_INSTRUCTIONS	Dropping frame: 2 diff: -17664.6838236
217959.527	BLOCK.TEST_TRIALS_INSTRUCTIONS	LOAD FROM AUDIO FILE AT RUNTIME: lola_audio_2.wav
217963.076	BLOCK.TEST_TRIALS_INSTRUCTIONS	LOADING VIDEO RESOURCE AT RUNTIME
365615.123	BLOCK.GREAT_JOB	LOADING VIDEO RESOURCE AT RUNTIME
365689.6	BLOCK.PLAY_SOUND_GREAT_JOB	LOAD FROM AUDIO FILE AT RUNTIME: break_1.wav
466283.934	BLOCK.GREAT_JOB	LOADING VIDEO RESOURCE AT RUNTIME
466342.86	BLOCK.PLAY_SOUND_GREAT_JOB	LOAD FROM AUDIO FILE AT RUNTIME: break_4.wav
556052.475	BLOCK.GREAT_JOB	LOADING VIDEO RESOURCE AT RUNTIME
556111.551	BLOCK.PLAY_SOUND_GREAT_JOB	LOAD FROM AUDIO FILE AT RUNTIME: break_2.wav
650604.867	BLOCK.GREAT_JOB	LOADING VIDEO RESOURCE AT RUNTIME
650664.611	BLOCK.PLAY_SOUND_GREAT_JOB	LOAD FROM AUDIO FILE AT RUNTIME: break_3.wav
