31696.987	VIDEO.PLAY_SOUND_INITIAL_VIDEO	Dropping frame: 2 diff: -16991.2123447
33391.602	VIDEO.PLAY_SOUND_INITIAL_VIDEO	Dropping frame: 28 diff: -845427.212345
33399.227	VIDEO.PLAY_SOUND_INITIAL_VIDEO	Dropping frame: 29 diff: -819762.212345
33406.451	VIDEO.PLAY_SOUND_INITIAL_VIDEO	Dropping frame: 30 diff: -793709.212345
33413.309	VIDEO.PLAY_SOUND_INITIAL_VIDEO	Dropping frame: 31 diff: -767138.212345
33420.084	VIDEO.PLAY_SOUND_INITIAL_VIDEO	Dropping frame: 32 diff: -740232.212345
33427.829	VIDEO.PLAY_SOUND_INITIAL_VIDEO	Dropping frame: 33 diff: -714576.212345
33435.261	VIDEO.PLAY_SOUND_INITIAL_VIDEO	Dropping frame: 34 diff: -688743.212345
33442.254	VIDEO.PLAY_SOUND_INITIAL_VIDEO	Dropping frame: 35 diff: -662378.212345
33449.632	VIDEO.PLAY_SOUND_INITIAL_VIDEO	Dropping frame: 36 diff: -636339.212345
33458.31	VIDEO.PLAY_SOUND_INITIAL_VIDEO	Dropping frame: 37 diff: -612222.212345
33466.007	VIDEO.PLAY_SOUND_INITIAL_VIDEO	Dropping frame: 38 diff: -586543.212345
33472.999	VIDEO.PLAY_SOUND_INITIAL_VIDEO	Dropping frame: 39 diff: -560238.212345
33479.814	VIDEO.PLAY_SOUND_INITIAL_VIDEO	Dropping frame: 40 diff: -533571.212345
33487.197	VIDEO.PLAY_SOUND_INITIAL_VIDEO	Dropping frame: 41 diff: -507787.212345
33494.196	VIDEO.PLAY_SOUND_INITIAL_VIDEO	Dropping frame: 42 diff: -481457.212345
33501.491	VIDEO.PLAY_SOUND_INITIAL_VIDEO	Dropping frame: 43 diff: -455421.212345
33508.261	VIDEO.PLAY_SOUND_INITIAL_VIDEO	Dropping frame: 44 diff: -428857.212345
33515.631	VIDEO.PLAY_SOUND_INITIAL_VIDEO	Dropping frame: 45 diff: -402898.212345
33522.466	VIDEO.PLAY_SOUND_INITIAL_VIDEO	Dropping frame: 46 diff: -376388.212345
33529.018	VIDEO.PLAY_SOUND_INITIAL_VIDEO	Dropping frame: 47 diff: -349626.212345
33536.687	VIDEO.PLAY_SOUND_INITIAL_VIDEO	Dropping frame: 48 diff: -323960.212345
33544.708	VIDEO.PLAY_SOUND_INITIAL_VIDEO	Dropping frame: 49 diff: -298623.212345
33552.101	VIDEO.PLAY_SOUND_INITIAL_VIDEO	Dropping frame: 50 diff: -272701.212345
33558.964	VIDEO.PLAY_SOUND_INITIAL_VIDEO	Dropping frame: 51 diff: -246191.212345
33565.809	VIDEO.PLAY_SOUND_INITIAL_VIDEO	Dropping frame: 52 diff: -219738.212345
33576.745	VIDEO.PLAY_SOUND_INITIAL_VIDEO	Dropping frame: 53 diff: -197278.212345
33583.981	VIDEO.PLAY_SOUND_INITIAL_VIDEO	Dropping frame: 54 diff: -171249.212345
33590.768	VIDEO.PLAY_SOUND_INITIAL_VIDEO	Dropping frame: 55 diff: -144718.212345
33597.917	VIDEO.PLAY_SOUND_INITIAL_VIDEO	Dropping frame: 56 diff: -118475.212345
33605.578	VIDEO.PLAY_SOUND_INITIAL_VIDEO	Dropping frame: 57 diff: -92838.2123447
33612.765	VIDEO.PLAY_SOUND_INITIAL_VIDEO	Dropping frame: 58 diff: -66693.2123447
33620.051	VIDEO.PLAY_SOUND_INITIAL_VIDEO	Dropping frame: 59 diff: -40669.2123447
33626.798	VIDEO.PLAY_SOUND_INITIAL_VIDEO	Dropping frame: 60 diff: -14080.2123447
79295.415	BLOCK.TRAINING_INSTRUCTIONS	Dropping frame: 2 diff: -17884.2123446
194781.711	BLOCK.TEST_TRIALS_INSTRUCTIONS	LOAD FROM AUDIO FILE AT RUNTIME: lola_audio_2.wav
194785.268	BLOCK.TEST_TRIALS_INSTRUCTIONS	LOADING VIDEO RESOURCE AT RUNTIME
286503.901	BLOCK.GREAT_JOB	LOADING VIDEO RESOURCE AT RUNTIME
286560.265	BLOCK.PLAY_SOUND_GREAT_JOB	LOAD FROM AUDIO FILE AT RUNTIME: break_5.wav
369818.763	BLOCK.GREAT_JOB	LOADING VIDEO RESOURCE AT RUNTIME
369879.669	BLOCK.PLAY_SOUND_GREAT_JOB	LOAD FROM AUDIO FILE AT RUNTIME: break_3.wav
451037.779	BLOCK.GREAT_JOB	LOADING VIDEO RESOURCE AT RUNTIME
451098.224	BLOCK.PLAY_SOUND_GREAT_JOB	LOAD FROM AUDIO FILE AT RUNTIME: break_4.wav
451195.048	BLOCK.PLAY_SOUND_GREAT_JOB	Dropping frame: 2 diff: -7722.21234465
531056.847	BLOCK.GREAT_JOB	LOADING VIDEO RESOURCE AT RUNTIME
531116.523	BLOCK.PLAY_SOUND_GREAT_JOB	LOAD FROM AUDIO FILE AT RUNTIME: break_1.wav
